<?xml version="1.0" encoding="UTF-8"?>
<!-- Generated by org.testng.reporters.JUnitReportReporter -->
<testsuite hostname="L-INE-BN1LLW2" failures="0" tests="6" name="com.demo.DemoWebShop" time="19.064" errors="0" timestamp="2024-04-07T19:26:21 IST" skipped="0">
  <testcase classname="com.demo.DemoWebShop" name="Verify" time="1.347"/>
  <testcase classname="com.demo.DemoWebShop" name="Cart" time="3.156"/>
  <testcase classname="com.demo.DemoWebShop" name="loginDetails" time="5.059"/>
  <testcase classname="com.demo.DemoWebShop" name="Clothes" time="6.065"/>
  <testcase classname="com.demo.DemoWebShop" name="AssertTheId" time="0.044"/>
  <testcase classname="com.demo.DemoWebShop" name="Computer" time="3.393"/>
</testsuite> <!-- com.demo.DemoWebShop -->
