<?xml version="1.0" encoding="UTF-8"?>
<!-- Generated by org.testng.reporters.JUnitReportReporter -->
<testsuite hostname="L-INE-BN1LLW2" failures="0" tests="1" name="extentReports.Extenteports01" time="0.004" errors="0" timestamp="2024-01-22T17:30:38 IST" skipped="0">
  <testcase classname="extentReports.Extenteports01" name="f1" time="0.004"/>
</testsuite> <!-- extentReports.Extenteports01 -->
